[2017-03-08 10:10:13 +0000] [27021] [INFO] Starting gunicorn 19.6.0
[2017-03-08 10:10:13 +0000] [27021] [INFO] Listening at: http://0.0.0.0:5000 (27021)
[2017-03-08 10:10:13 +0000] [27021] [INFO] Using worker: flask_sockets.worker
[2017-03-08 10:10:13 +0000] [27028] [INFO] Booting worker with pid: 27028
[2017-03-08 10:10:13 +0000] [27028] [INFO] Worker exiting (pid: 27028)
Please set OVLOGIN and OVPASSWD environment variable
[2017-03-08 10:10:14 +0000] [27029] [INFO] Booting worker with pid: 27029
[2017-03-08 10:10:14 +0000] [27029] [INFO] Worker exiting (pid: 27029)
Please set OVLOGIN and OVPASSWD environment variable
[2017-03-08 10:10:14 +0000] [27030] [INFO] Booting worker with pid: 27030
[2017-03-08 10:10:14 +0000] [27030] [INFO] Worker exiting (pid: 27030)
Please set OVLOGIN and OVPASSWD environment variable
[2017-03-08 10:10:14 +0000] [27031] [INFO] Booting worker with pid: 27031
[2017-03-08 10:10:14 +0000] [27031] [INFO] Worker exiting (pid: 27031)
Please set OVLOGIN and OVPASSWD environment variable
[2017-03-08 10:10:14 +0000] [27032] [INFO] Booting worker with pid: 27032
[2017-03-08 10:10:14 +0000] [27032] [INFO] Worker exiting (pid: 27032)
Please set OVLOGIN and OVPASSWD environment variable
[2017-03-08 10:10:14 +0000] [27033] [INFO] Booting worker with pid: 27033
[2017-03-08 10:10:14 +0000] [27033] [INFO] Worker exiting (pid: 27033)
Please set OVLOGIN and OVPASSWD environment variable
[2017-03-08 10:10:14 +0000] [27034] [INFO] Booting worker with pid: 27034
[2017-03-08 10:10:15 +0000] [27034] [INFO] Worker exiting (pid: 27034)
Please set OVLOGIN and OVPASSWD environment variable
[2017-03-08 10:10:15 +0000] [27035] [INFO] Booting worker with pid: 27035
[2017-03-08 10:10:15 +0000] [27035] [INFO] Worker exiting (pid: 27035)
Please set OVLOGIN and OVPASSWD environment variable
[2017-03-08 10:10:15 +0000] [27036] [INFO] Booting worker with pid: 27036
[2017-03-08 10:10:15 +0000] [27036] [INFO] Worker exiting (pid: 27036)
Please set OVLOGIN and OVPASSWD environment variable
[2017-03-08 10:10:15 +0000] [27037] [INFO] Booting worker with pid: 27037
[2017-03-08 10:10:15 +0000] [27037] [INFO] Worker exiting (pid: 27037)
Please set OVLOGIN and OVPASSWD environment variable
[2017-03-08 10:10:15 +0000] [27038] [INFO] Booting worker with pid: 27038
[2017-03-08 10:10:15 +0000] [27021] [INFO] Handling signal: int
[2017-03-08 10:10:15 +0000] [27038] [INFO] Worker exiting (pid: 27038)
Please set OVLOGIN and OVPASSWD environment variable
[2017-03-08 10:10:15 +0000] [27021] [INFO] Shutting down: Master
[2017-03-08 10:10:17 +0000] [27042] [INFO] Starting gunicorn 19.6.0
[2017-03-08 10:10:17 +0000] [27042] [INFO] Listening at: http://0.0.0.0:5000 (27042)
[2017-03-08 10:10:17 +0000] [27042] [INFO] Using worker: flask_sockets.worker
[2017-03-08 10:10:17 +0000] [27049] [INFO] Booting worker with pid: 27049
[2017-03-08 10:10:18 +0000] [27049] [INFO] Worker exiting (pid: 27049)
Please set OVLOGIN and OVPASSWD environment variable
[2017-03-08 10:10:18 +0000] [27050] [INFO] Booting worker with pid: 27050
[2017-03-08 10:10:18 +0000] [27050] [INFO] Worker exiting (pid: 27050)
Please set OVLOGIN and OVPASSWD environment variable
[2017-03-08 10:10:18 +0000] [27051] [INFO] Booting worker with pid: 27051
[2017-03-08 10:10:18 +0000] [27051] [INFO] Worker exiting (pid: 27051)
Please set OVLOGIN and OVPASSWD environment variable
[2017-03-08 10:10:18 +0000] [27052] [INFO] Booting worker with pid: 27052
[2017-03-08 10:10:18 +0000] [27052] [INFO] Worker exiting (pid: 27052)
Please set OVLOGIN and OVPASSWD environment variable
[2017-03-08 10:10:18 +0000] [27053] [INFO] Booting worker with pid: 27053
[2017-03-08 10:10:18 +0000] [27053] [INFO] Worker exiting (pid: 27053)
Please set OVLOGIN and OVPASSWD environment variable
[2017-03-08 10:10:18 +0000] [27054] [INFO] Booting worker with pid: 27054
[2017-03-08 10:10:19 +0000] [27054] [INFO] Worker exiting (pid: 27054)
Please set OVLOGIN and OVPASSWD environment variable
[2017-03-08 10:10:19 +0000] [27055] [INFO] Booting worker with pid: 27055
[2017-03-08 10:10:19 +0000] [27055] [INFO] Worker exiting (pid: 27055)
Please set OVLOGIN and OVPASSWD environment variable
[2017-03-08 10:10:19 +0000] [27056] [INFO] Booting worker with pid: 27056
[2017-03-08 10:10:19 +0000] [27056] [INFO] Worker exiting (pid: 27056)
Please set OVLOGIN and OVPASSWD environment variable
[2017-03-08 10:10:19 +0000] [27057] [INFO] Booting worker with pid: 27057
[2017-03-08 10:10:19 +0000] [27057] [INFO] Worker exiting (pid: 27057)
Please set OVLOGIN and OVPASSWD environment variable
[2017-03-08 10:10:19 +0000] [27058] [INFO] Booting worker with pid: 27058
[2017-03-08 10:10:19 +0000] [27058] [INFO] Worker exiting (pid: 27058)
Please set OVLOGIN and OVPASSWD environment variable
[2017-03-08 10:10:19 +0000] [27059] [INFO] Booting worker with pid: 27059
[2017-03-08 10:10:20 +0000] [27059] [INFO] Worker exiting (pid: 27059)
Please set OVLOGIN and OVPASSWD environment variable
[2017-03-08 10:10:20 +0000] [27060] [INFO] Booting worker with pid: 27060
[2017-03-08 10:10:20 +0000] [27060] [INFO] Worker exiting (pid: 27060)
Please set OVLOGIN and OVPASSWD environment variable
[2017-03-08 10:10:20 +0000] [27061] [INFO] Booting worker with pid: 27061
[2017-03-08 10:10:20 +0000] [27061] [INFO] Worker exiting (pid: 27061)
Please set OVLOGIN and OVPASSWD environment variable
[2017-03-08 10:10:20 +0000] [27062] [INFO] Booting worker with pid: 27062
[2017-03-08 10:10:20 +0000] [27062] [INFO] Worker exiting (pid: 27062)
Please set OVLOGIN and OVPASSWD environment variable
[2017-03-08 10:10:20 +0000] [27063] [INFO] Booting worker with pid: 27063
[2017-03-08 10:10:20 +0000] [27063] [INFO] Worker exiting (pid: 27063)
Please set OVLOGIN and OVPASSWD environment variable
[2017-03-08 10:10:20 +0000] [27064] [INFO] Booting worker with pid: 27064
[2017-03-08 10:10:21 +0000] [27064] [INFO] Worker exiting (pid: 27064)
Please set OVLOGIN and OVPASSWD environment variable
[2017-03-08 10:10:21 +0000] [27065] [INFO] Booting worker with pid: 27065
[2017-03-08 10:10:21 +0000] [27065] [INFO] Worker exiting (pid: 27065)
Please set OVLOGIN and OVPASSWD environment variable
[2017-03-08 10:10:21 +0000] [27066] [INFO] Booting worker with pid: 27066
[2017-03-08 10:10:21 +0000] [27066] [INFO] Worker exiting (pid: 27066)
Please set OVLOGIN and OVPASSWD environment variable
[2017-03-08 10:10:21 +0000] [27067] [INFO] Booting worker with pid: 27067
[2017-03-08 10:10:21 +0000] [27067] [INFO] Worker exiting (pid: 27067)
Please set OVLOGIN and OVPASSWD environment variable
[2017-03-08 10:10:21 +0000] [27068] [INFO] Booting worker with pid: 27068
[2017-03-08 10:10:21 +0000] [27068] [INFO] Worker exiting (pid: 27068)
Please set OVLOGIN and OVPASSWD environment variable
[2017-03-08 10:10:21 +0000] [27069] [INFO] Booting worker with pid: 27069
[2017-03-08 10:10:22 +0000] [27069] [INFO] Worker exiting (pid: 27069)
Please set OVLOGIN and OVPASSWD environment variable
[2017-03-08 10:10:22 +0000] [27070] [INFO] Booting worker with pid: 27070
[2017-03-08 10:10:22 +0000] [27070] [INFO] Worker exiting (pid: 27070)
Please set OVLOGIN and OVPASSWD environment variable
[2017-03-08 10:10:22 +0000] [27071] [INFO] Booting worker with pid: 27071
[2017-03-08 10:10:22 +0000] [27071] [INFO] Worker exiting (pid: 27071)
Please set OVLOGIN and OVPASSWD environment variable
[2017-03-08 10:10:22 +0000] [27074] [INFO] Booting worker with pid: 27074
[2017-03-08 10:10:22 +0000] [27074] [INFO] Worker exiting (pid: 27074)
Please set OVLOGIN and OVPASSWD environment variable
[2017-03-08 10:10:22 +0000] [27075] [INFO] Booting worker with pid: 27075
[2017-03-08 10:10:22 +0000] [27075] [INFO] Worker exiting (pid: 27075)
Please set OVLOGIN and OVPASSWD environment variable
[2017-03-08 10:10:22 +0000] [27076] [INFO] Booting worker with pid: 27076
[2017-03-08 10:10:22 +0000] [27076] [INFO] Worker exiting (pid: 27076)
Please set OVLOGIN and OVPASSWD environment variable
[2017-03-08 10:10:23 +0000] [27077] [INFO] Booting worker with pid: 27077
[2017-03-08 10:10:23 +0000] [27077] [INFO] Worker exiting (pid: 27077)
Please set OVLOGIN and OVPASSWD environment variable
[2017-03-08 10:10:23 +0000] [27078] [INFO] Booting worker with pid: 27078
[2017-03-08 10:10:23 +0000] [27078] [INFO] Worker exiting (pid: 27078)
Please set OVLOGIN and OVPASSWD environment variable
[2017-03-08 10:10:23 +0000] [27079] [INFO] Booting worker with pid: 27079
[2017-03-08 10:10:23 +0000] [27079] [INFO] Worker exiting (pid: 27079)
Please set OVLOGIN and OVPASSWD environment variable
[2017-03-08 10:10:23 +0000] [27080] [INFO] Booting worker with pid: 27080
[2017-03-08 10:10:23 +0000] [27080] [INFO] Worker exiting (pid: 27080)
Please set OVLOGIN and OVPASSWD environment variable
[2017-03-08 10:10:23 +0000] [27081] [INFO] Booting worker with pid: 27081
[2017-03-08 10:10:23 +0000] [27081] [INFO] Worker exiting (pid: 27081)
Please set OVLOGIN and OVPASSWD environment variable
[2017-03-08 10:10:23 +0000] [27082] [INFO] Booting worker with pid: 27082
[2017-03-08 10:10:24 +0000] [27082] [INFO] Worker exiting (pid: 27082)
Please set OVLOGIN and OVPASSWD environment variable
[2017-03-08 10:10:24 +0000] [27083] [INFO] Booting worker with pid: 27083
[2017-03-08 10:10:24 +0000] [27083] [INFO] Worker exiting (pid: 27083)
Please set OVLOGIN and OVPASSWD environment variable
[2017-03-08 10:10:24 +0000] [27084] [INFO] Booting worker with pid: 27084
[2017-03-08 10:10:24 +0000] [27084] [INFO] Worker exiting (pid: 27084)
Please set OVLOGIN and OVPASSWD environment variable
[2017-03-08 10:10:24 +0000] [27085] [INFO] Booting worker with pid: 27085
[2017-03-08 10:10:24 +0000] [27085] [INFO] Worker exiting (pid: 27085)
Please set OVLOGIN and OVPASSWD environment variable
[2017-03-08 10:10:24 +0000] [27086] [INFO] Booting worker with pid: 27086
[2017-03-08 10:10:24 +0000] [27086] [INFO] Worker exiting (pid: 27086)
Please set OVLOGIN and OVPASSWD environment variable
[2017-03-08 10:10:24 +0000] [27087] [INFO] Booting worker with pid: 27087
[2017-03-08 10:10:25 +0000] [27087] [INFO] Worker exiting (pid: 27087)
Please set OVLOGIN and OVPASSWD environment variable
[2017-03-08 10:10:25 +0000] [27088] [INFO] Booting worker with pid: 27088
[2017-03-08 10:10:25 +0000] [27088] [INFO] Worker exiting (pid: 27088)
Please set OVLOGIN and OVPASSWD environment variable
[2017-03-08 10:10:25 +0000] [27089] [INFO] Booting worker with pid: 27089
[2017-03-08 10:10:25 +0000] [27089] [INFO] Worker exiting (pid: 27089)
Please set OVLOGIN and OVPASSWD environment variable
[2017-03-08 10:10:25 +0000] [27090] [INFO] Booting worker with pid: 27090
[2017-03-08 10:10:25 +0000] [27090] [INFO] Worker exiting (pid: 27090)
Please set OVLOGIN and OVPASSWD environment variable
[2017-03-08 10:10:25 +0000] [27091] [INFO] Booting worker with pid: 27091
[2017-03-08 10:10:25 +0000] [27091] [INFO] Worker exiting (pid: 27091)
Please set OVLOGIN and OVPASSWD environment variable
[2017-03-08 10:10:25 +0000] [27092] [INFO] Booting worker with pid: 27092
[2017-03-08 10:10:25 +0000] [27092] [INFO] Worker exiting (pid: 27092)
Please set OVLOGIN and OVPASSWD environment variable
[2017-03-08 10:10:26 +0000] [27093] [INFO] Booting worker with pid: 27093
[2017-03-08 10:10:26 +0000] [27093] [INFO] Worker exiting (pid: 27093)
Please set OVLOGIN and OVPASSWD environment variable
[2017-03-08 10:10:26 +0000] [27094] [INFO] Booting worker with pid: 27094
[2017-03-08 10:10:26 +0000] [27094] [INFO] Worker exiting (pid: 27094)
Please set OVLOGIN and OVPASSWD environment variable
[2017-03-08 10:10:26 +0000] [27095] [INFO] Booting worker with pid: 27095
[2017-03-08 10:10:26 +0000] [27095] [INFO] Worker exiting (pid: 27095)
Please set OVLOGIN and OVPASSWD environment variable
[2017-03-08 10:10:26 +0000] [27096] [INFO] Booting worker with pid: 27096
[2017-03-08 10:10:26 +0000] [27096] [INFO] Worker exiting (pid: 27096)
Please set OVLOGIN and OVPASSWD environment variable
[2017-03-08 10:10:26 +0000] [27097] [INFO] Booting worker with pid: 27097
[2017-03-08 10:10:26 +0000] [27097] [INFO] Worker exiting (pid: 27097)
Please set OVLOGIN and OVPASSWD environment variable
[2017-03-08 10:10:26 +0000] [27098] [INFO] Booting worker with pid: 27098
[2017-03-08 10:10:27 +0000] [27098] [INFO] Worker exiting (pid: 27098)
Please set OVLOGIN and OVPASSWD environment variable
[2017-03-08 10:10:27 +0000] [27099] [INFO] Booting worker with pid: 27099
[2017-03-08 10:10:27 +0000] [27099] [INFO] Worker exiting (pid: 27099)
Please set OVLOGIN and OVPASSWD environment variable
[2017-03-08 10:10:27 +0000] [27100] [INFO] Booting worker with pid: 27100
[2017-03-08 10:10:27 +0000] [27100] [INFO] Worker exiting (pid: 27100)
Please set OVLOGIN and OVPASSWD environment variable
[2017-03-08 10:10:27 +0000] [27101] [INFO] Booting worker with pid: 27101
[2017-03-08 10:10:27 +0000] [27101] [INFO] Worker exiting (pid: 27101)
Please set OVLOGIN and OVPASSWD environment variable
[2017-03-08 10:10:27 +0000] [27102] [INFO] Booting worker with pid: 27102
[2017-03-08 10:10:27 +0000] [27102] [INFO] Worker exiting (pid: 27102)
Please set OVLOGIN and OVPASSWD environment variable
[2017-03-08 10:10:27 +0000] [27103] [INFO] Booting worker with pid: 27103
[2017-03-08 10:10:28 +0000] [27103] [INFO] Worker exiting (pid: 27103)
Please set OVLOGIN and OVPASSWD environment variable
[2017-03-08 10:10:28 +0000] [27104] [INFO] Booting worker with pid: 27104
[2017-03-08 10:10:28 +0000] [27104] [INFO] Worker exiting (pid: 27104)
Please set OVLOGIN and OVPASSWD environment variable
[2017-03-08 10:10:28 +0000] [27105] [INFO] Booting worker with pid: 27105
[2017-03-08 10:10:28 +0000] [27105] [INFO] Worker exiting (pid: 27105)
Please set OVLOGIN and OVPASSWD environment variable
[2017-03-08 10:10:28 +0000] [27106] [INFO] Booting worker with pid: 27106
[2017-03-08 10:10:28 +0000] [27106] [INFO] Worker exiting (pid: 27106)
Please set OVLOGIN and OVPASSWD environment variable
[2017-03-08 10:10:28 +0000] [27107] [INFO] Booting worker with pid: 27107
[2017-03-08 10:10:28 +0000] [27107] [INFO] Worker exiting (pid: 27107)
Please set OVLOGIN and OVPASSWD environment variable
[2017-03-08 10:10:28 +0000] [27108] [INFO] Booting worker with pid: 27108
[2017-03-08 10:10:28 +0000] [27108] [INFO] Worker exiting (pid: 27108)
Please set OVLOGIN and OVPASSWD environment variable
[2017-03-08 10:10:28 +0000] [27109] [INFO] Booting worker with pid: 27109
[2017-03-08 10:10:29 +0000] [27109] [INFO] Worker exiting (pid: 27109)
Please set OVLOGIN and OVPASSWD environment variable
[2017-03-08 10:10:29 +0000] [27110] [INFO] Booting worker with pid: 27110
[2017-03-08 10:10:29 +0000] [27110] [INFO] Worker exiting (pid: 27110)
Please set OVLOGIN and OVPASSWD environment variable
[2017-03-08 10:10:29 +0000] [27111] [INFO] Booting worker with pid: 27111
[2017-03-08 10:10:29 +0000] [27111] [INFO] Worker exiting (pid: 27111)
Please set OVLOGIN and OVPASSWD environment variable
[2017-03-08 10:10:29 +0000] [27112] [INFO] Booting worker with pid: 27112
[2017-03-08 10:10:29 +0000] [27112] [INFO] Worker exiting (pid: 27112)
Please set OVLOGIN and OVPASSWD environment variable
[2017-03-08 10:10:29 +0000] [27113] [INFO] Booting worker with pid: 27113
[2017-03-08 10:10:29 +0000] [27113] [INFO] Worker exiting (pid: 27113)
Please set OVLOGIN and OVPASSWD environment variable
[2017-03-08 10:10:29 +0000] [27114] [INFO] Booting worker with pid: 27114
[2017-03-08 10:10:30 +0000] [27114] [INFO] Worker exiting (pid: 27114)
Please set OVLOGIN and OVPASSWD environment variable
[2017-03-08 10:10:30 +0000] [27115] [INFO] Booting worker with pid: 27115
[2017-03-08 10:10:30 +0000] [27115] [INFO] Worker exiting (pid: 27115)
Please set OVLOGIN and OVPASSWD environment variable
[2017-03-08 10:10:30 +0000] [27116] [INFO] Booting worker with pid: 27116
[2017-03-08 10:10:30 +0000] [27116] [INFO] Worker exiting (pid: 27116)
Please set OVLOGIN and OVPASSWD environment variable
[2017-03-08 10:10:30 +0000] [27117] [INFO] Booting worker with pid: 27117
[2017-03-08 10:10:30 +0000] [27117] [INFO] Worker exiting (pid: 27117)
Please set OVLOGIN and OVPASSWD environment variable
[2017-03-08 10:10:30 +0000] [27118] [INFO] Booting worker with pid: 27118
[2017-03-08 10:10:30 +0000] [27118] [INFO] Worker exiting (pid: 27118)
Please set OVLOGIN and OVPASSWD environment variable
[2017-03-08 10:10:30 +0000] [27119] [INFO] Booting worker with pid: 27119
[2017-03-08 10:10:30 +0000] [27119] [INFO] Worker exiting (pid: 27119)
Please set OVLOGIN and OVPASSWD environment variable
[2017-03-08 10:10:31 +0000] [27120] [INFO] Booting worker with pid: 27120
[2017-03-08 10:10:31 +0000] [27120] [INFO] Worker exiting (pid: 27120)
Please set OVLOGIN and OVPASSWD environment variable
[2017-03-08 10:10:31 +0000] [27121] [INFO] Booting worker with pid: 27121
[2017-03-08 10:10:31 +0000] [27121] [INFO] Worker exiting (pid: 27121)
Please set OVLOGIN and OVPASSWD environment variable
[2017-03-08 10:10:31 +0000] [27122] [INFO] Booting worker with pid: 27122
[2017-03-08 10:10:31 +0000] [27122] [INFO] Worker exiting (pid: 27122)
Please set OVLOGIN and OVPASSWD environment variable
[2017-03-08 10:10:31 +0000] [27123] [INFO] Booting worker with pid: 27123
[2017-03-08 10:10:31 +0000] [27123] [INFO] Worker exiting (pid: 27123)
Please set OVLOGIN and OVPASSWD environment variable
[2017-03-08 10:10:31 +0000] [27124] [INFO] Booting worker with pid: 27124
[2017-03-08 10:10:31 +0000] [27124] [INFO] Worker exiting (pid: 27124)
Please set OVLOGIN and OVPASSWD environment variable
[2017-03-08 10:10:31 +0000] [27125] [INFO] Booting worker with pid: 27125
[2017-03-08 10:10:32 +0000] [27125] [INFO] Worker exiting (pid: 27125)
Please set OVLOGIN and OVPASSWD environment variable
[2017-03-08 10:10:32 +0000] [27126] [INFO] Booting worker with pid: 27126
[2017-03-08 10:10:32 +0000] [27126] [INFO] Worker exiting (pid: 27126)
Please set OVLOGIN and OVPASSWD environment variable
[2017-03-08 10:10:32 +0000] [27127] [INFO] Booting worker with pid: 27127
[2017-03-08 10:10:32 +0000] [27127] [INFO] Worker exiting (pid: 27127)
Please set OVLOGIN and OVPASSWD environment variable
[2017-03-08 10:10:32 +0000] [27128] [INFO] Booting worker with pid: 27128
[2017-03-08 10:10:32 +0000] [27128] [INFO] Worker exiting (pid: 27128)
Please set OVLOGIN and OVPASSWD environment variable
[2017-03-08 10:10:32 +0000] [27129] [INFO] Booting worker with pid: 27129
[2017-03-08 10:10:32 +0000] [27129] [INFO] Worker exiting (pid: 27129)
Please set OVLOGIN and OVPASSWD environment variable
[2017-03-08 10:10:32 +0000] [27130] [INFO] Booting worker with pid: 27130
[2017-03-08 10:10:32 +0000] [27130] [INFO] Worker exiting (pid: 27130)
Please set OVLOGIN and OVPASSWD environment variable
[2017-03-08 10:10:33 +0000] [27131] [INFO] Booting worker with pid: 27131
[2017-03-08 10:10:33 +0000] [27131] [INFO] Worker exiting (pid: 27131)
Please set OVLOGIN and OVPASSWD environment variable
[2017-03-08 10:10:33 +0000] [27132] [INFO] Booting worker with pid: 27132
[2017-03-08 10:10:33 +0000] [27132] [INFO] Worker exiting (pid: 27132)
Please set OVLOGIN and OVPASSWD environment variable
[2017-03-08 10:10:33 +0000] [27133] [INFO] Booting worker with pid: 27133
[2017-03-08 10:10:33 +0000] [27133] [INFO] Worker exiting (pid: 27133)
Please set OVLOGIN and OVPASSWD environment variable
[2017-03-08 10:10:33 +0000] [27134] [INFO] Booting worker with pid: 27134
[2017-03-08 10:10:33 +0000] [27134] [INFO] Worker exiting (pid: 27134)
Please set OVLOGIN and OVPASSWD environment variable
[2017-03-08 10:10:33 +0000] [27135] [INFO] Booting worker with pid: 27135
[2017-03-08 10:10:33 +0000] [27135] [INFO] Worker exiting (pid: 27135)
Please set OVLOGIN and OVPASSWD environment variable
[2017-03-08 10:10:33 +0000] [27136] [INFO] Booting worker with pid: 27136
[2017-03-08 10:10:34 +0000] [27136] [INFO] Worker exiting (pid: 27136)
Please set OVLOGIN and OVPASSWD environment variable
[2017-03-08 10:10:34 +0000] [27137] [INFO] Booting worker with pid: 27137
[2017-03-08 10:10:34 +0000] [27137] [INFO] Worker exiting (pid: 27137)
Please set OVLOGIN and OVPASSWD environment variable
[2017-03-08 10:10:34 +0000] [27138] [INFO] Booting worker with pid: 27138
[2017-03-08 10:10:34 +0000] [27138] [INFO] Worker exiting (pid: 27138)
Please set OVLOGIN and OVPASSWD environment variable
[2017-03-08 10:10:34 +0000] [27139] [INFO] Booting worker with pid: 27139
[2017-03-08 10:10:34 +0000] [27139] [INFO] Worker exiting (pid: 27139)
Please set OVLOGIN and OVPASSWD environment variable
[2017-03-08 10:10:34 +0000] [27140] [INFO] Booting worker with pid: 27140
[2017-03-08 10:10:34 +0000] [27140] [INFO] Worker exiting (pid: 27140)
Please set OVLOGIN and OVPASSWD environment variable
[2017-03-08 10:10:34 +0000] [27141] [INFO] Booting worker with pid: 27141
[2017-03-08 10:10:34 +0000] [27141] [INFO] Worker exiting (pid: 27141)
Please set OVLOGIN and OVPASSWD environment variable
[2017-03-08 10:10:35 +0000] [27142] [INFO] Booting worker with pid: 27142
[2017-03-08 10:10:35 +0000] [27142] [INFO] Worker exiting (pid: 27142)
Please set OVLOGIN and OVPASSWD environment variable
[2017-03-08 10:10:35 +0000] [27143] [INFO] Booting worker with pid: 27143
[2017-03-08 10:10:35 +0000] [27143] [INFO] Worker exiting (pid: 27143)
Please set OVLOGIN and OVPASSWD environment variable
[2017-03-08 10:10:35 +0000] [27144] [INFO] Booting worker with pid: 27144
[2017-03-08 10:10:35 +0000] [27144] [INFO] Worker exiting (pid: 27144)
Please set OVLOGIN and OVPASSWD environment variable
[2017-03-08 10:10:35 +0000] [27145] [INFO] Booting worker with pid: 27145
[2017-03-08 10:10:35 +0000] [27145] [INFO] Worker exiting (pid: 27145)
Please set OVLOGIN and OVPASSWD environment variable
[2017-03-08 10:10:35 +0000] [27146] [INFO] Booting worker with pid: 27146
[2017-03-08 10:10:35 +0000] [27146] [INFO] Worker exiting (pid: 27146)
Please set OVLOGIN and OVPASSWD environment variable
[2017-03-08 10:10:35 +0000] [27147] [INFO] Booting worker with pid: 27147
[2017-03-08 10:10:36 +0000] [27147] [INFO] Worker exiting (pid: 27147)
Please set OVLOGIN and OVPASSWD environment variable
[2017-03-08 10:10:36 +0000] [27148] [INFO] Booting worker with pid: 27148
[2017-03-08 10:10:36 +0000] [27148] [INFO] Worker exiting (pid: 27148)
Please set OVLOGIN and OVPASSWD environment variable
[2017-03-08 10:10:36 +0000] [27149] [INFO] Booting worker with pid: 27149
[2017-03-08 10:10:36 +0000] [27149] [INFO] Worker exiting (pid: 27149)
Please set OVLOGIN and OVPASSWD environment variable
[2017-03-08 10:10:36 +0000] [27150] [INFO] Booting worker with pid: 27150
[2017-03-08 10:10:36 +0000] [27150] [INFO] Worker exiting (pid: 27150)
Please set OVLOGIN and OVPASSWD environment variable
[2017-03-08 10:10:36 +0000] [27151] [INFO] Booting worker with pid: 27151
[2017-03-08 10:10:36 +0000] [27151] [INFO] Worker exiting (pid: 27151)
Please set OVLOGIN and OVPASSWD environment variable
[2017-03-08 10:10:36 +0000] [27152] [INFO] Booting worker with pid: 27152
[2017-03-08 10:10:36 +0000] [27152] [INFO] Worker exiting (pid: 27152)
Please set OVLOGIN and OVPASSWD environment variable
[2017-03-08 10:10:37 +0000] [27153] [INFO] Booting worker with pid: 27153
[2017-03-08 10:10:37 +0000] [27153] [INFO] Worker exiting (pid: 27153)
Please set OVLOGIN and OVPASSWD environment variable
[2017-03-08 10:10:37 +0000] [27154] [INFO] Booting worker with pid: 27154
[2017-03-08 10:10:37 +0000] [27154] [INFO] Worker exiting (pid: 27154)
Please set OVLOGIN and OVPASSWD environment variable
[2017-03-08 10:10:37 +0000] [27155] [INFO] Booting worker with pid: 27155
[2017-03-08 10:10:37 +0000] [27155] [INFO] Worker exiting (pid: 27155)
Please set OVLOGIN and OVPASSWD environment variable
[2017-03-08 10:10:37 +0000] [27156] [INFO] Booting worker with pid: 27156
[2017-03-08 10:10:37 +0000] [27156] [INFO] Worker exiting (pid: 27156)
Please set OVLOGIN and OVPASSWD environment variable
[2017-03-08 10:10:37 +0000] [27157] [INFO] Booting worker with pid: 27157
[2017-03-08 10:10:37 +0000] [27157] [INFO] Worker exiting (pid: 27157)
Please set OVLOGIN and OVPASSWD environment variable
[2017-03-08 10:10:37 +0000] [27158] [INFO] Booting worker with pid: 27158
[2017-03-08 10:10:38 +0000] [27158] [INFO] Worker exiting (pid: 27158)
Please set OVLOGIN and OVPASSWD environment variable
[2017-03-08 10:10:38 +0000] [27159] [INFO] Booting worker with pid: 27159
[2017-03-08 10:10:38 +0000] [27159] [INFO] Worker exiting (pid: 27159)
Please set OVLOGIN and OVPASSWD environment variable
[2017-03-08 10:10:38 +0000] [27160] [INFO] Booting worker with pid: 27160
[2017-03-08 10:10:38 +0000] [27160] [INFO] Worker exiting (pid: 27160)
Please set OVLOGIN and OVPASSWD environment variable
[2017-03-08 10:10:38 +0000] [27161] [INFO] Booting worker with pid: 27161
[2017-03-08 10:10:38 +0000] [27161] [INFO] Worker exiting (pid: 27161)
Please set OVLOGIN and OVPASSWD environment variable
[2017-03-08 10:10:38 +0000] [27162] [INFO] Booting worker with pid: 27162
[2017-03-08 10:10:38 +0000] [27162] [INFO] Worker exiting (pid: 27162)
Please set OVLOGIN and OVPASSWD environment variable
[2017-03-08 10:10:38 +0000] [27163] [INFO] Booting worker with pid: 27163
[2017-03-08 10:10:39 +0000] [27163] [INFO] Worker exiting (pid: 27163)
Please set OVLOGIN and OVPASSWD environment variable
[2017-03-08 10:10:39 +0000] [27164] [INFO] Booting worker with pid: 27164
[2017-03-08 10:10:39 +0000] [27164] [INFO] Worker exiting (pid: 27164)
Please set OVLOGIN and OVPASSWD environment variable
[2017-03-08 10:10:39 +0000] [27165] [INFO] Booting worker with pid: 27165
[2017-03-08 10:10:39 +0000] [27165] [INFO] Worker exiting (pid: 27165)
Please set OVLOGIN and OVPASSWD environment variable
[2017-03-08 10:10:39 +0000] [27166] [INFO] Booting worker with pid: 27166
[2017-03-08 10:10:39 +0000] [27166] [INFO] Worker exiting (pid: 27166)
Please set OVLOGIN and OVPASSWD environment variable
[2017-03-08 10:10:39 +0000] [27167] [INFO] Booting worker with pid: 27167
[2017-03-08 10:10:39 +0000] [27167] [INFO] Worker exiting (pid: 27167)
Please set OVLOGIN and OVPASSWD environment variable
[2017-03-08 10:10:39 +0000] [27168] [INFO] Booting worker with pid: 27168
[2017-03-08 10:10:39 +0000] [27168] [INFO] Worker exiting (pid: 27168)
Please set OVLOGIN and OVPASSWD environment variable
[2017-03-08 10:10:39 +0000] [27169] [INFO] Booting worker with pid: 27169
[2017-03-08 10:10:40 +0000] [27169] [INFO] Worker exiting (pid: 27169)
Please set OVLOGIN and OVPASSWD environment variable
[2017-03-08 10:10:40 +0000] [27170] [INFO] Booting worker with pid: 27170
[2017-03-08 10:10:40 +0000] [27170] [INFO] Worker exiting (pid: 27170)
Please set OVLOGIN and OVPASSWD environment variable
[2017-03-08 10:10:40 +0000] [27171] [INFO] Booting worker with pid: 27171
[2017-03-08 10:10:40 +0000] [27171] [INFO] Worker exiting (pid: 27171)
Please set OVLOGIN and OVPASSWD environment variable
[2017-03-08 10:10:40 +0000] [27172] [INFO] Booting worker with pid: 27172
[2017-03-08 10:10:40 +0000] [27172] [INFO] Worker exiting (pid: 27172)
Please set OVLOGIN and OVPASSWD environment variable
[2017-03-08 10:10:40 +0000] [27173] [INFO] Booting worker with pid: 27173
[2017-03-08 10:10:40 +0000] [27173] [INFO] Worker exiting (pid: 27173)
Please set OVLOGIN and OVPASSWD environment variable
[2017-03-08 10:10:40 +0000] [27174] [INFO] Booting worker with pid: 27174
[2017-03-08 10:10:41 +0000] [27174] [INFO] Worker exiting (pid: 27174)
Please set OVLOGIN and OVPASSWD environment variable
[2017-03-08 10:10:41 +0000] [27175] [INFO] Booting worker with pid: 27175
[2017-03-08 10:10:41 +0000] [27175] [INFO] Worker exiting (pid: 27175)
Please set OVLOGIN and OVPASSWD environment variable
[2017-03-08 10:10:41 +0000] [27176] [INFO] Booting worker with pid: 27176
[2017-03-08 10:10:41 +0000] [27176] [INFO] Worker exiting (pid: 27176)
Please set OVLOGIN and OVPASSWD environment variable
[2017-03-08 10:10:41 +0000] [27177] [INFO] Booting worker with pid: 27177
[2017-03-08 10:10:41 +0000] [27177] [INFO] Worker exiting (pid: 27177)
Please set OVLOGIN and OVPASSWD environment variable
[2017-03-08 10:10:41 +0000] [27178] [INFO] Booting worker with pid: 27178
[2017-03-08 10:10:41 +0000] [27178] [INFO] Worker exiting (pid: 27178)
Please set OVLOGIN and OVPASSWD environment variable
[2017-03-08 10:10:41 +0000] [27179] [INFO] Booting worker with pid: 27179
[2017-03-08 10:10:41 +0000] [27179] [INFO] Worker exiting (pid: 27179)
Please set OVLOGIN and OVPASSWD environment variable
[2017-03-08 10:10:41 +0000] [27180] [INFO] Booting worker with pid: 27180
[2017-03-08 10:10:42 +0000] [27180] [INFO] Worker exiting (pid: 27180)
Please set OVLOGIN and OVPASSWD environment variable
[2017-03-08 10:10:42 +0000] [27181] [INFO] Booting worker with pid: 27181
[2017-03-08 10:10:42 +0000] [27181] [INFO] Worker exiting (pid: 27181)
Please set OVLOGIN and OVPASSWD environment variable
[2017-03-08 10:10:42 +0000] [27182] [INFO] Booting worker with pid: 27182
[2017-03-08 10:10:42 +0000] [27182] [INFO] Worker exiting (pid: 27182)
Please set OVLOGIN and OVPASSWD environment variable
[2017-03-08 10:10:42 +0000] [27183] [INFO] Booting worker with pid: 27183
[2017-03-08 10:10:42 +0000] [27183] [INFO] Worker exiting (pid: 27183)
Please set OVLOGIN and OVPASSWD environment variable
[2017-03-08 10:10:42 +0000] [27184] [INFO] Booting worker with pid: 27184
[2017-03-08 10:10:42 +0000] [27184] [INFO] Worker exiting (pid: 27184)
Please set OVLOGIN and OVPASSWD environment variable
[2017-03-08 10:10:42 +0000] [27185] [INFO] Booting worker with pid: 27185
[2017-03-08 10:10:43 +0000] [27185] [INFO] Worker exiting (pid: 27185)
Please set OVLOGIN and OVPASSWD environment variable
[2017-03-08 10:10:43 +0000] [27186] [INFO] Booting worker with pid: 27186
[2017-03-08 10:10:43 +0000] [27186] [INFO] Worker exiting (pid: 27186)
Please set OVLOGIN and OVPASSWD environment variable
[2017-03-08 10:10:43 +0000] [27187] [INFO] Booting worker with pid: 27187
[2017-03-08 10:10:43 +0000] [27187] [INFO] Worker exiting (pid: 27187)
Please set OVLOGIN and OVPASSWD environment variable
[2017-03-08 10:10:43 +0000] [27188] [INFO] Booting worker with pid: 27188
[2017-03-08 10:10:43 +0000] [27188] [INFO] Worker exiting (pid: 27188)
Please set OVLOGIN and OVPASSWD environment variable
[2017-03-08 10:10:43 +0000] [27189] [INFO] Booting worker with pid: 27189
[2017-03-08 10:10:43 +0000] [27189] [INFO] Worker exiting (pid: 27189)
Please set OVLOGIN and OVPASSWD environment variable
[2017-03-08 10:10:43 +0000] [27190] [INFO] Booting worker with pid: 27190
[2017-03-08 10:10:43 +0000] [27190] [INFO] Worker exiting (pid: 27190)
Please set OVLOGIN and OVPASSWD environment variable
[2017-03-08 10:10:44 +0000] [27191] [INFO] Booting worker with pid: 27191
[2017-03-08 10:10:44 +0000] [27191] [INFO] Worker exiting (pid: 27191)
Please set OVLOGIN and OVPASSWD environment variable
[2017-03-08 10:10:44 +0000] [27192] [INFO] Booting worker with pid: 27192
[2017-03-08 10:10:44 +0000] [27192] [INFO] Worker exiting (pid: 27192)
Please set OVLOGIN and OVPASSWD environment variable
[2017-03-08 10:10:44 +0000] [27193] [INFO] Booting worker with pid: 27193
[2017-03-08 10:10:44 +0000] [27193] [INFO] Worker exiting (pid: 27193)
Please set OVLOGIN and OVPASSWD environment variable
[2017-03-08 10:10:44 +0000] [27194] [INFO] Booting worker with pid: 27194
[2017-03-08 10:10:44 +0000] [27194] [INFO] Worker exiting (pid: 27194)
Please set OVLOGIN and OVPASSWD environment variable
[2017-03-08 10:10:44 +0000] [27195] [INFO] Booting worker with pid: 27195
[2017-03-08 10:10:44 +0000] [27195] [INFO] Worker exiting (pid: 27195)
Please set OVLOGIN and OVPASSWD environment variable
[2017-03-08 10:10:44 +0000] [27196] [INFO] Booting worker with pid: 27196
[2017-03-08 10:10:45 +0000] [27196] [INFO] Worker exiting (pid: 27196)
Please set OVLOGIN and OVPASSWD environment variable
[2017-03-08 10:10:45 +0000] [27197] [INFO] Booting worker with pid: 27197
[2017-03-08 10:10:45 +0000] [27197] [INFO] Worker exiting (pid: 27197)
Please set OVLOGIN and OVPASSWD environment variable
[2017-03-08 10:10:45 +0000] [27198] [INFO] Booting worker with pid: 27198
[2017-03-08 10:10:45 +0000] [27198] [INFO] Worker exiting (pid: 27198)
Please set OVLOGIN and OVPASSWD environment variable
[2017-03-08 10:10:45 +0000] [27199] [INFO] Booting worker with pid: 27199
[2017-03-08 10:10:45 +0000] [27199] [INFO] Worker exiting (pid: 27199)
Please set OVLOGIN and OVPASSWD environment variable
[2017-03-08 10:10:45 +0000] [27200] [INFO] Booting worker with pid: 27200
[2017-03-08 10:10:45 +0000] [27200] [INFO] Worker exiting (pid: 27200)
Please set OVLOGIN and OVPASSWD environment variable
[2017-03-08 10:10:45 +0000] [27201] [INFO] Booting worker with pid: 27201
[2017-03-08 10:10:45 +0000] [27201] [INFO] Worker exiting (pid: 27201)
Please set OVLOGIN and OVPASSWD environment variable
[2017-03-08 10:10:46 +0000] [27202] [INFO] Booting worker with pid: 27202
[2017-03-08 10:10:46 +0000] [27202] [INFO] Worker exiting (pid: 27202)
Please set OVLOGIN and OVPASSWD environment variable
[2017-03-08 10:10:46 +0000] [27203] [INFO] Booting worker with pid: 27203
[2017-03-08 10:10:46 +0000] [27203] [INFO] Worker exiting (pid: 27203)
Please set OVLOGIN and OVPASSWD environment variable
[2017-03-08 10:10:46 +0000] [27204] [INFO] Booting worker with pid: 27204
[2017-03-08 10:10:46 +0000] [27204] [INFO] Worker exiting (pid: 27204)
Please set OVLOGIN and OVPASSWD environment variable
[2017-03-08 10:10:46 +0000] [27205] [INFO] Booting worker with pid: 27205
[2017-03-08 10:10:46 +0000] [27205] [INFO] Worker exiting (pid: 27205)
Please set OVLOGIN and OVPASSWD environment variable
[2017-03-08 10:10:46 +0000] [27206] [INFO] Booting worker with pid: 27206
[2017-03-08 10:10:46 +0000] [27206] [INFO] Worker exiting (pid: 27206)
Please set OVLOGIN and OVPASSWD environment variable
[2017-03-08 10:10:46 +0000] [27207] [INFO] Booting worker with pid: 27207
[2017-03-08 10:10:47 +0000] [27207] [INFO] Worker exiting (pid: 27207)
Please set OVLOGIN and OVPASSWD environment variable
[2017-03-08 10:10:47 +0000] [27208] [INFO] Booting worker with pid: 27208
[2017-03-08 10:10:47 +0000] [27208] [INFO] Worker exiting (pid: 27208)
Please set OVLOGIN and OVPASSWD environment variable
[2017-03-08 10:10:47 +0000] [27209] [INFO] Booting worker with pid: 27209
[2017-03-08 10:10:47 +0000] [27209] [INFO] Worker exiting (pid: 27209)
Please set OVLOGIN and OVPASSWD environment variable
[2017-03-08 10:10:47 +0000] [27210] [INFO] Booting worker with pid: 27210
[2017-03-08 10:10:47 +0000] [27210] [INFO] Worker exiting (pid: 27210)
Please set OVLOGIN and OVPASSWD environment variable
[2017-03-08 10:10:47 +0000] [27211] [INFO] Booting worker with pid: 27211
[2017-03-08 10:10:47 +0000] [27211] [INFO] Worker exiting (pid: 27211)
Please set OVLOGIN and OVPASSWD environment variable
[2017-03-08 10:10:47 +0000] [27212] [INFO] Booting worker with pid: 27212
[2017-03-08 10:10:47 +0000] [27212] [INFO] Worker exiting (pid: 27212)
Please set OVLOGIN and OVPASSWD environment variable
[2017-03-08 10:10:48 +0000] [27213] [INFO] Booting worker with pid: 27213
[2017-03-08 10:10:48 +0000] [27213] [INFO] Worker exiting (pid: 27213)
Please set OVLOGIN and OVPASSWD environment variable
[2017-03-08 10:10:48 +0000] [27214] [INFO] Booting worker with pid: 27214
[2017-03-08 10:10:48 +0000] [27214] [INFO] Worker exiting (pid: 27214)
Please set OVLOGIN and OVPASSWD environment variable
[2017-03-08 10:10:48 +0000] [27215] [INFO] Booting worker with pid: 27215
[2017-03-08 10:10:48 +0000] [27215] [INFO] Worker exiting (pid: 27215)
Please set OVLOGIN and OVPASSWD environment variable
[2017-03-08 10:10:48 +0000] [27216] [INFO] Booting worker with pid: 27216
[2017-03-08 10:10:48 +0000] [27216] [INFO] Worker exiting (pid: 27216)
Please set OVLOGIN and OVPASSWD environment variable
[2017-03-08 10:10:48 +0000] [27217] [INFO] Booting worker with pid: 27217
[2017-03-08 10:10:48 +0000] [27217] [INFO] Worker exiting (pid: 27217)
Please set OVLOGIN and OVPASSWD environment variable
[2017-03-08 10:10:48 +0000] [27218] [INFO] Booting worker with pid: 27218
[2017-03-08 10:10:49 +0000] [27218] [INFO] Worker exiting (pid: 27218)
Please set OVLOGIN and OVPASSWD environment variable
[2017-03-08 10:10:49 +0000] [27219] [INFO] Booting worker with pid: 27219
[2017-03-08 10:10:49 +0000] [27219] [INFO] Worker exiting (pid: 27219)
Please set OVLOGIN and OVPASSWD environment variable
[2017-03-08 10:10:49 +0000] [27220] [INFO] Booting worker with pid: 27220
[2017-03-08 10:10:49 +0000] [27220] [INFO] Worker exiting (pid: 27220)
Please set OVLOGIN and OVPASSWD environment variable
[2017-03-08 10:10:49 +0000] [27221] [INFO] Booting worker with pid: 27221
[2017-03-08 10:10:49 +0000] [27221] [INFO] Worker exiting (pid: 27221)
Please set OVLOGIN and OVPASSWD environment variable
[2017-03-08 10:10:49 +0000] [27222] [INFO] Booting worker with pid: 27222
[2017-03-08 10:10:49 +0000] [27222] [INFO] Worker exiting (pid: 27222)
Please set OVLOGIN and OVPASSWD environment variable
[2017-03-08 10:10:49 +0000] [27223] [INFO] Booting worker with pid: 27223
[2017-03-08 10:10:50 +0000] [27223] [INFO] Worker exiting (pid: 27223)
Please set OVLOGIN and OVPASSWD environment variable
[2017-03-08 10:10:50 +0000] [27224] [INFO] Booting worker with pid: 27224
[2017-03-08 10:10:50 +0000] [27224] [INFO] Worker exiting (pid: 27224)
Please set OVLOGIN and OVPASSWD environment variable
[2017-03-08 10:10:50 +0000] [27225] [INFO] Booting worker with pid: 27225
[2017-03-08 10:10:50 +0000] [27225] [INFO] Worker exiting (pid: 27225)
Please set OVLOGIN and OVPASSWD environment variable
[2017-03-08 10:10:50 +0000] [27226] [INFO] Booting worker with pid: 27226
[2017-03-08 10:10:50 +0000] [27226] [INFO] Worker exiting (pid: 27226)
Please set OVLOGIN and OVPASSWD environment variable
[2017-03-08 10:10:50 +0000] [27227] [INFO] Booting worker with pid: 27227
[2017-03-08 10:10:50 +0000] [27227] [INFO] Worker exiting (pid: 27227)
Please set OVLOGIN and OVPASSWD environment variable
[2017-03-08 10:10:50 +0000] [27228] [INFO] Booting worker with pid: 27228
[2017-03-08 10:10:51 +0000] [27228] [INFO] Worker exiting (pid: 27228)
Please set OVLOGIN and OVPASSWD environment variable
[2017-03-08 10:10:51 +0000] [27229] [INFO] Booting worker with pid: 27229
[2017-03-08 10:10:51 +0000] [27229] [INFO] Worker exiting (pid: 27229)
Please set OVLOGIN and OVPASSWD environment variable
[2017-03-08 10:10:51 +0000] [27230] [INFO] Booting worker with pid: 27230
[2017-03-08 10:10:51 +0000] [27230] [INFO] Worker exiting (pid: 27230)
Please set OVLOGIN and OVPASSWD environment variable
[2017-03-08 10:10:51 +0000] [27231] [INFO] Booting worker with pid: 27231
[2017-03-08 10:10:51 +0000] [27231] [INFO] Worker exiting (pid: 27231)
Please set OVLOGIN and OVPASSWD environment variable
[2017-03-08 10:10:51 +0000] [27232] [INFO] Booting worker with pid: 27232
[2017-03-08 10:10:51 +0000] [27232] [INFO] Worker exiting (pid: 27232)
Please set OVLOGIN and OVPASSWD environment variable
[2017-03-08 10:10:51 +0000] [27233] [INFO] Booting worker with pid: 27233
[2017-03-08 10:10:51 +0000] [27233] [INFO] Worker exiting (pid: 27233)
Please set OVLOGIN and OVPASSWD environment variable
[2017-03-08 10:10:52 +0000] [27234] [INFO] Booting worker with pid: 27234
[2017-03-08 10:10:52 +0000] [27234] [INFO] Worker exiting (pid: 27234)
Please set OVLOGIN and OVPASSWD environment variable
[2017-03-08 10:10:52 +0000] [27235] [INFO] Booting worker with pid: 27235
[2017-03-08 10:10:52 +0000] [27235] [INFO] Worker exiting (pid: 27235)
Please set OVLOGIN and OVPASSWD environment variable
[2017-03-08 10:10:52 +0000] [27236] [INFO] Booting worker with pid: 27236
[2017-03-08 10:10:52 +0000] [27236] [INFO] Worker exiting (pid: 27236)
Please set OVLOGIN and OVPASSWD environment variable
[2017-03-08 10:10:52 +0000] [27237] [INFO] Booting worker with pid: 27237
[2017-03-08 10:10:52 +0000] [27237] [INFO] Worker exiting (pid: 27237)
Please set OVLOGIN and OVPASSWD environment variable
[2017-03-08 10:10:52 +0000] [27238] [INFO] Booting worker with pid: 27238
[2017-03-08 10:10:52 +0000] [27238] [INFO] Worker exiting (pid: 27238)
Please set OVLOGIN and OVPASSWD environment variable
[2017-03-08 10:10:52 +0000] [27239] [INFO] Booting worker with pid: 27239
[2017-03-08 10:10:53 +0000] [27239] [INFO] Worker exiting (pid: 27239)
Please set OVLOGIN and OVPASSWD environment variable
[2017-03-08 10:10:53 +0000] [27240] [INFO] Booting worker with pid: 27240
[2017-03-08 10:10:53 +0000] [27240] [INFO] Worker exiting (pid: 27240)
Please set OVLOGIN and OVPASSWD environment variable
[2017-03-08 10:10:53 +0000] [27241] [INFO] Booting worker with pid: 27241
[2017-03-08 10:10:53 +0000] [27241] [INFO] Worker exiting (pid: 27241)
Please set OVLOGIN and OVPASSWD environment variable
[2017-03-08 10:10:53 +0000] [27242] [INFO] Booting worker with pid: 27242
[2017-03-08 10:10:53 +0000] [27242] [INFO] Worker exiting (pid: 27242)
Please set OVLOGIN and OVPASSWD environment variable
[2017-03-08 10:10:53 +0000] [27243] [INFO] Booting worker with pid: 27243
[2017-03-08 10:10:53 +0000] [27243] [INFO] Worker exiting (pid: 27243)
Please set OVLOGIN and OVPASSWD environment variable
[2017-03-08 10:10:53 +0000] [27244] [INFO] Booting worker with pid: 27244
[2017-03-08 10:10:54 +0000] [27244] [INFO] Worker exiting (pid: 27244)
Please set OVLOGIN and OVPASSWD environment variable
[2017-03-08 10:10:54 +0000] [27245] [INFO] Booting worker with pid: 27245
[2017-03-08 10:10:54 +0000] [27245] [INFO] Worker exiting (pid: 27245)
Please set OVLOGIN and OVPASSWD environment variable
[2017-03-08 10:10:54 +0000] [27246] [INFO] Booting worker with pid: 27246
[2017-03-08 10:10:54 +0000] [27246] [INFO] Worker exiting (pid: 27246)
Please set OVLOGIN and OVPASSWD environment variable
[2017-03-08 10:10:54 +0000] [27247] [INFO] Booting worker with pid: 27247
[2017-03-08 10:10:54 +0000] [27247] [INFO] Worker exiting (pid: 27247)
Please set OVLOGIN and OVPASSWD environment variable
[2017-03-08 10:10:54 +0000] [27248] [INFO] Booting worker with pid: 27248
[2017-03-08 10:10:54 +0000] [27248] [INFO] Worker exiting (pid: 27248)
Please set OVLOGIN and OVPASSWD environment variable
[2017-03-08 10:10:54 +0000] [27249] [INFO] Booting worker with pid: 27249
[2017-03-08 10:10:55 +0000] [27249] [INFO] Worker exiting (pid: 27249)
Please set OVLOGIN and OVPASSWD environment variable
[2017-03-08 10:10:55 +0000] [27250] [INFO] Booting worker with pid: 27250
[2017-03-08 10:10:55 +0000] [27250] [INFO] Worker exiting (pid: 27250)
Please set OVLOGIN and OVPASSWD environment variable
[2017-03-08 10:10:55 +0000] [27251] [INFO] Booting worker with pid: 27251
[2017-03-08 10:10:55 +0000] [27251] [INFO] Worker exiting (pid: 27251)
Please set OVLOGIN and OVPASSWD environment variable
[2017-03-08 10:10:55 +0000] [27252] [INFO] Booting worker with pid: 27252
[2017-03-08 10:10:55 +0000] [27252] [INFO] Worker exiting (pid: 27252)
Please set OVLOGIN and OVPASSWD environment variable
[2017-03-08 10:10:55 +0000] [27253] [INFO] Booting worker with pid: 27253
[2017-03-08 10:10:55 +0000] [27253] [INFO] Worker exiting (pid: 27253)
Please set OVLOGIN and OVPASSWD environment variable
[2017-03-08 10:10:55 +0000] [27254] [INFO] Booting worker with pid: 27254
[2017-03-08 10:10:55 +0000] [27254] [INFO] Worker exiting (pid: 27254)
Please set OVLOGIN and OVPASSWD environment variable
[2017-03-08 10:10:55 +0000] [27255] [INFO] Booting worker with pid: 27255
[2017-03-08 10:10:56 +0000] [27255] [INFO] Worker exiting (pid: 27255)
Please set OVLOGIN and OVPASSWD environment variable
[2017-03-08 10:10:56 +0000] [27256] [INFO] Booting worker with pid: 27256
[2017-03-08 10:10:56 +0000] [27256] [INFO] Worker exiting (pid: 27256)
Please set OVLOGIN and OVPASSWD environment variable
[2017-03-08 10:10:56 +0000] [27257] [INFO] Booting worker with pid: 27257
[2017-03-08 10:10:56 +0000] [27257] [INFO] Worker exiting (pid: 27257)
Please set OVLOGIN and OVPASSWD environment variable
[2017-03-08 10:10:56 +0000] [27258] [INFO] Booting worker with pid: 27258
[2017-03-08 10:10:56 +0000] [27258] [INFO] Worker exiting (pid: 27258)
Please set OVLOGIN and OVPASSWD environment variable
[2017-03-08 10:10:56 +0000] [27259] [INFO] Booting worker with pid: 27259
[2017-03-08 10:10:56 +0000] [27259] [INFO] Worker exiting (pid: 27259)
Please set OVLOGIN and OVPASSWD environment variable
[2017-03-08 10:10:56 +0000] [27260] [INFO] Booting worker with pid: 27260
[2017-03-08 10:10:57 +0000] [27260] [INFO] Worker exiting (pid: 27260)
Please set OVLOGIN and OVPASSWD environment variable
[2017-03-08 10:10:57 +0000] [27261] [INFO] Booting worker with pid: 27261
[2017-03-08 10:10:57 +0000] [27261] [INFO] Worker exiting (pid: 27261)
Please set OVLOGIN and OVPASSWD environment variable
[2017-03-08 10:10:57 +0000] [27262] [INFO] Booting worker with pid: 27262
[2017-03-08 10:10:57 +0000] [27262] [INFO] Worker exiting (pid: 27262)
Please set OVLOGIN and OVPASSWD environment variable
[2017-03-08 10:10:57 +0000] [27263] [INFO] Booting worker with pid: 27263
[2017-03-08 10:10:57 +0000] [27263] [INFO] Worker exiting (pid: 27263)
Please set OVLOGIN and OVPASSWD environment variable
[2017-03-08 10:10:57 +0000] [27264] [INFO] Booting worker with pid: 27264
[2017-03-08 10:10:57 +0000] [27264] [INFO] Worker exiting (pid: 27264)
Please set OVLOGIN and OVPASSWD environment variable
[2017-03-08 10:10:57 +0000] [27265] [INFO] Booting worker with pid: 27265
[2017-03-08 10:10:57 +0000] [27265] [INFO] Worker exiting (pid: 27265)
Please set OVLOGIN and OVPASSWD environment variable
[2017-03-08 10:10:57 +0000] [27266] [INFO] Booting worker with pid: 27266
[2017-03-08 10:10:58 +0000] [27266] [INFO] Worker exiting (pid: 27266)
Please set OVLOGIN and OVPASSWD environment variable
[2017-03-08 10:10:58 +0000] [27267] [INFO] Booting worker with pid: 27267
[2017-03-08 10:10:58 +0000] [27267] [INFO] Worker exiting (pid: 27267)
Please set OVLOGIN and OVPASSWD environment variable
[2017-03-08 10:10:58 +0000] [27268] [INFO] Booting worker with pid: 27268
[2017-03-08 10:10:58 +0000] [27268] [INFO] Worker exiting (pid: 27268)
Please set OVLOGIN and OVPASSWD environment variable
[2017-03-08 10:10:58 +0000] [27269] [INFO] Booting worker with pid: 27269
[2017-03-08 10:10:58 +0000] [27269] [INFO] Worker exiting (pid: 27269)
Please set OVLOGIN and OVPASSWD environment variable
[2017-03-08 10:10:58 +0000] [27270] [INFO] Booting worker with pid: 27270
[2017-03-08 10:10:58 +0000] [27270] [INFO] Worker exiting (pid: 27270)
Please set OVLOGIN and OVPASSWD environment variable
[2017-03-08 10:10:58 +0000] [27271] [INFO] Booting worker with pid: 27271
[2017-03-08 10:10:59 +0000] [27271] [INFO] Worker exiting (pid: 27271)
Please set OVLOGIN and OVPASSWD environment variable
[2017-03-08 10:10:59 +0000] [27272] [INFO] Booting worker with pid: 27272
[2017-03-08 10:10:59 +0000] [27272] [INFO] Worker exiting (pid: 27272)
Please set OVLOGIN and OVPASSWD environment variable
[2017-03-08 10:10:59 +0000] [27273] [INFO] Booting worker with pid: 27273
[2017-03-08 10:10:59 +0000] [27273] [INFO] Worker exiting (pid: 27273)
Please set OVLOGIN and OVPASSWD environment variable
[2017-03-08 10:10:59 +0000] [27274] [INFO] Booting worker with pid: 27274
[2017-03-08 10:10:59 +0000] [27274] [INFO] Worker exiting (pid: 27274)
Please set OVLOGIN and OVPASSWD environment variable
[2017-03-08 10:10:59 +0000] [27275] [INFO] Booting worker with pid: 27275
[2017-03-08 10:10:59 +0000] [27275] [INFO] Worker exiting (pid: 27275)
Please set OVLOGIN and OVPASSWD environment variable
[2017-03-08 10:10:59 +0000] [27276] [INFO] Booting worker with pid: 27276
[2017-03-08 10:11:00 +0000] [27276] [INFO] Worker exiting (pid: 27276)
Please set OVLOGIN and OVPASSWD environment variable
[2017-03-08 10:11:00 +0000] [27277] [INFO] Booting worker with pid: 27277
[2017-03-08 10:11:00 +0000] [27277] [INFO] Worker exiting (pid: 27277)
Please set OVLOGIN and OVPASSWD environment variable
[2017-03-08 10:11:00 +0000] [27278] [INFO] Booting worker with pid: 27278
[2017-03-08 10:11:00 +0000] [27278] [INFO] Worker exiting (pid: 27278)
Please set OVLOGIN and OVPASSWD environment variable
[2017-03-08 10:11:00 +0000] [27279] [INFO] Booting worker with pid: 27279
[2017-03-08 10:11:00 +0000] [27279] [INFO] Worker exiting (pid: 27279)
Please set OVLOGIN and OVPASSWD environment variable
[2017-03-08 10:11:00 +0000] [27280] [INFO] Booting worker with pid: 27280
[2017-03-08 10:11:00 +0000] [27280] [INFO] Worker exiting (pid: 27280)
Please set OVLOGIN and OVPASSWD environment variable
[2017-03-08 10:11:00 +0000] [27281] [INFO] Booting worker with pid: 27281
[2017-03-08 10:11:00 +0000] [27281] [INFO] Worker exiting (pid: 27281)
Please set OVLOGIN and OVPASSWD environment variable
[2017-03-08 10:11:00 +0000] [27282] [INFO] Booting worker with pid: 27282
[2017-03-08 10:11:01 +0000] [27282] [INFO] Worker exiting (pid: 27282)
Please set OVLOGIN and OVPASSWD environment variable
[2017-03-08 10:11:01 +0000] [27283] [INFO] Booting worker with pid: 27283
[2017-03-08 10:11:01 +0000] [27283] [INFO] Worker exiting (pid: 27283)
Please set OVLOGIN and OVPASSWD environment variable
[2017-03-08 10:11:01 +0000] [27284] [INFO] Booting worker with pid: 27284
[2017-03-08 10:11:01 +0000] [27284] [INFO] Worker exiting (pid: 27284)
Please set OVLOGIN and OVPASSWD environment variable
[2017-03-08 10:11:01 +0000] [27285] [INFO] Booting worker with pid: 27285
[2017-03-08 10:11:01 +0000] [27285] [INFO] Worker exiting (pid: 27285)
Please set OVLOGIN and OVPASSWD environment variable
[2017-03-08 10:11:01 +0000] [27286] [INFO] Booting worker with pid: 27286
[2017-03-08 10:11:01 +0000] [27286] [INFO] Worker exiting (pid: 27286)
Please set OVLOGIN and OVPASSWD environment variable
[2017-03-08 10:11:01 +0000] [27287] [INFO] Booting worker with pid: 27287
[2017-03-08 10:11:02 +0000] [27287] [INFO] Worker exiting (pid: 27287)
Please set OVLOGIN and OVPASSWD environment variable
[2017-03-08 10:11:02 +0000] [27288] [INFO] Booting worker with pid: 27288
[2017-03-08 10:11:02 +0000] [27288] [INFO] Worker exiting (pid: 27288)
Please set OVLOGIN and OVPASSWD environment variable
[2017-03-08 10:11:02 +0000] [27289] [INFO] Booting worker with pid: 27289
[2017-03-08 10:11:02 +0000] [27289] [INFO] Worker exiting (pid: 27289)
Please set OVLOGIN and OVPASSWD environment variable
[2017-03-08 10:11:02 +0000] [27290] [INFO] Booting worker with pid: 27290
[2017-03-08 10:11:02 +0000] [27290] [INFO] Worker exiting (pid: 27290)
Please set OVLOGIN and OVPASSWD environment variable
[2017-03-08 10:11:02 +0000] [27291] [INFO] Booting worker with pid: 27291
[2017-03-08 10:11:02 +0000] [27291] [INFO] Worker exiting (pid: 27291)
Please set OVLOGIN and OVPASSWD environment variable
[2017-03-08 10:11:02 +0000] [27292] [INFO] Booting worker with pid: 27292
[2017-03-08 10:11:02 +0000] [27292] [INFO] Worker exiting (pid: 27292)
Please set OVLOGIN and OVPASSWD environment variable
[2017-03-08 10:11:02 +0000] [27293] [INFO] Booting worker with pid: 27293
[2017-03-08 10:11:03 +0000] [27293] [INFO] Worker exiting (pid: 27293)
Please set OVLOGIN and OVPASSWD environment variable
[2017-03-08 10:11:03 +0000] [27294] [INFO] Booting worker with pid: 27294
[2017-03-08 10:11:03 +0000] [27294] [INFO] Worker exiting (pid: 27294)
Please set OVLOGIN and OVPASSWD environment variable
[2017-03-08 10:11:03 +0000] [27295] [INFO] Booting worker with pid: 27295
[2017-03-08 10:11:03 +0000] [27295] [INFO] Worker exiting (pid: 27295)
Please set OVLOGIN and OVPASSWD environment variable
[2017-03-08 10:11:03 +0000] [27296] [INFO] Booting worker with pid: 27296
[2017-03-08 10:11:03 +0000] [27296] [INFO] Worker exiting (pid: 27296)
Please set OVLOGIN and OVPASSWD environment variable
[2017-03-08 10:11:03 +0000] [27297] [INFO] Booting worker with pid: 27297
[2017-03-08 10:11:03 +0000] [27297] [INFO] Worker exiting (pid: 27297)
Please set OVLOGIN and OVPASSWD environment variable
[2017-03-08 10:11:03 +0000] [27298] [INFO] Booting worker with pid: 27298
[2017-03-08 10:11:04 +0000] [27298] [INFO] Worker exiting (pid: 27298)
Please set OVLOGIN and OVPASSWD environment variable
[2017-03-08 10:11:04 +0000] [27299] [INFO] Booting worker with pid: 27299
[2017-03-08 10:11:04 +0000] [27299] [INFO] Worker exiting (pid: 27299)
Please set OVLOGIN and OVPASSWD environment variable
[2017-03-08 10:11:04 +0000] [27300] [INFO] Booting worker with pid: 27300
[2017-03-08 10:11:04 +0000] [27300] [INFO] Worker exiting (pid: 27300)
Please set OVLOGIN and OVPASSWD environment variable
[2017-03-08 10:11:04 +0000] [27301] [INFO] Booting worker with pid: 27301
[2017-03-08 10:11:04 +0000] [27301] [INFO] Worker exiting (pid: 27301)
Please set OVLOGIN and OVPASSWD environment variable
[2017-03-08 10:11:04 +0000] [27302] [INFO] Booting worker with pid: 27302
[2017-03-08 10:11:04 +0000] [27302] [INFO] Worker exiting (pid: 27302)
Please set OVLOGIN and OVPASSWD environment variable
[2017-03-08 10:11:04 +0000] [27303] [INFO] Booting worker with pid: 27303
[2017-03-08 10:11:05 +0000] [27303] [INFO] Worker exiting (pid: 27303)
Please set OVLOGIN and OVPASSWD environment variable
[2017-03-08 10:11:05 +0000] [27304] [INFO] Booting worker with pid: 27304
[2017-03-08 10:11:05 +0000] [27304] [INFO] Worker exiting (pid: 27304)
Please set OVLOGIN and OVPASSWD environment variable
[2017-03-08 10:11:05 +0000] [27305] [INFO] Booting worker with pid: 27305
[2017-03-08 10:11:05 +0000] [27305] [INFO] Worker exiting (pid: 27305)
Please set OVLOGIN and OVPASSWD environment variable
[2017-03-08 10:11:05 +0000] [27306] [INFO] Booting worker with pid: 27306
[2017-03-08 10:11:05 +0000] [27306] [INFO] Worker exiting (pid: 27306)
Please set OVLOGIN and OVPASSWD environment variable
[2017-03-08 10:11:05 +0000] [27307] [INFO] Booting worker with pid: 27307
[2017-03-08 10:11:05 +0000] [27307] [INFO] Worker exiting (pid: 27307)
Please set OVLOGIN and OVPASSWD environment variable
[2017-03-08 10:11:05 +0000] [27308] [INFO] Booting worker with pid: 27308
[2017-03-08 10:11:05 +0000] [27308] [INFO] Worker exiting (pid: 27308)
Please set OVLOGIN and OVPASSWD environment variable
[2017-03-08 10:11:05 +0000] [27309] [INFO] Booting worker with pid: 27309
[2017-03-08 10:11:06 +0000] [27309] [INFO] Worker exiting (pid: 27309)
Please set OVLOGIN and OVPASSWD environment variable
[2017-03-08 10:11:06 +0000] [27310] [INFO] Booting worker with pid: 27310
[2017-03-08 10:11:06 +0000] [27310] [INFO] Worker exiting (pid: 27310)
Please set OVLOGIN and OVPASSWD environment variable
[2017-03-08 10:11:06 +0000] [27311] [INFO] Booting worker with pid: 27311
[2017-03-08 10:11:06 +0000] [27311] [INFO] Worker exiting (pid: 27311)
Please set OVLOGIN and OVPASSWD environment variable
[2017-03-08 10:11:06 +0000] [27312] [INFO] Booting worker with pid: 27312
[2017-03-08 10:11:06 +0000] [27312] [INFO] Worker exiting (pid: 27312)
Please set OVLOGIN and OVPASSWD environment variable
[2017-03-08 10:11:06 +0000] [27313] [INFO] Booting worker with pid: 27313
[2017-03-08 10:11:06 +0000] [27313] [INFO] Worker exiting (pid: 27313)
Please set OVLOGIN and OVPASSWD environment variable
[2017-03-08 10:11:06 +0000] [27314] [INFO] Booting worker with pid: 27314
[2017-03-08 10:11:07 +0000] [27314] [INFO] Worker exiting (pid: 27314)
Please set OVLOGIN and OVPASSWD environment variable
[2017-03-08 10:11:07 +0000] [27315] [INFO] Booting worker with pid: 27315
[2017-03-08 10:11:07 +0000] [27315] [INFO] Worker exiting (pid: 27315)
Please set OVLOGIN and OVPASSWD environment variable
[2017-03-08 10:11:07 +0000] [27316] [INFO] Booting worker with pid: 27316
[2017-03-08 10:11:07 +0000] [27316] [INFO] Worker exiting (pid: 27316)
Please set OVLOGIN and OVPASSWD environment variable
[2017-03-08 10:11:07 +0000] [27317] [INFO] Booting worker with pid: 27317
[2017-03-08 10:11:07 +0000] [27317] [INFO] Worker exiting (pid: 27317)
Please set OVLOGIN and OVPASSWD environment variable
[2017-03-08 10:11:07 +0000] [27318] [INFO] Booting worker with pid: 27318
[2017-03-08 10:11:07 +0000] [27318] [INFO] Worker exiting (pid: 27318)
Please set OVLOGIN and OVPASSWD environment variable
[2017-03-08 10:11:07 +0000] [27319] [INFO] Booting worker with pid: 27319
[2017-03-08 10:11:07 +0000] [27319] [INFO] Worker exiting (pid: 27319)
Please set OVLOGIN and OVPASSWD environment variable
[2017-03-08 10:11:07 +0000] [27320] [INFO] Booting worker with pid: 27320
[2017-03-08 10:11:08 +0000] [27320] [INFO] Worker exiting (pid: 27320)
Please set OVLOGIN and OVPASSWD environment variable
[2017-03-08 10:11:08 +0000] [27321] [INFO] Booting worker with pid: 27321
[2017-03-08 10:11:08 +0000] [27321] [INFO] Worker exiting (pid: 27321)
Please set OVLOGIN and OVPASSWD environment variable
[2017-03-08 10:11:08 +0000] [27322] [INFO] Booting worker with pid: 27322
[2017-03-08 10:11:08 +0000] [27322] [INFO] Worker exiting (pid: 27322)
Please set OVLOGIN and OVPASSWD environment variable
[2017-03-08 10:11:08 +0000] [27323] [INFO] Booting worker with pid: 27323
[2017-03-08 10:11:08 +0000] [27323] [INFO] Worker exiting (pid: 27323)
Please set OVLOGIN and OVPASSWD environment variable
[2017-03-08 10:11:08 +0000] [27324] [INFO] Booting worker with pid: 27324
[2017-03-08 10:11:08 +0000] [27324] [INFO] Worker exiting (pid: 27324)
Please set OVLOGIN and OVPASSWD environment variable
[2017-03-08 10:11:08 +0000] [27325] [INFO] Booting worker with pid: 27325
[2017-03-08 10:11:09 +0000] [27325] [INFO] Worker exiting (pid: 27325)
Please set OVLOGIN and OVPASSWD environment variable
[2017-03-08 10:11:09 +0000] [27326] [INFO] Booting worker with pid: 27326
[2017-03-08 10:11:09 +0000] [27326] [INFO] Worker exiting (pid: 27326)
Please set OVLOGIN and OVPASSWD environment variable
[2017-03-08 10:11:09 +0000] [27327] [INFO] Booting worker with pid: 27327
[2017-03-08 10:11:09 +0000] [27042] [INFO] Handling signal: term
[2017-03-08 10:11:09 +0000] [27327] [INFO] Worker exiting (pid: 27327)
Please set OVLOGIN and OVPASSWD environment variable
[2017-03-08 10:11:09 +0000] [27042] [INFO] Shutting down: Master
